[0704/140006.771:ERROR:process_info.cc(608)] range at 0xff39f000, size 0x230 fully unreadable
[0704/140006.776:ERROR:process_info.cc(608)] range at 0xff39c000, size 0xf84 fully unreadable
[0704/140006.781:ERROR:process_reader_win.cc(142)] SuspendThread: 拒绝访问。 (0x5)
[0704/140006.781:ERROR:process_info.cc(608)] range at 0xfea6f000, size 0x230 fully unreadable
[0704/140006.785:ERROR:process_info.cc(608)] range at 0xfea6e000, size 0xf84 fully unreadable
[0704/140006.787:ERROR:process_info.cc(608)] range at 0xfef74000, size 0x230 fully unreadable
[0704/140006.789:ERROR:process_info.cc(608)] range at 0xfef49000, size 0x230 fully unreadable
[0704/140006.790:ERROR:process_info.cc(608)] range at 0xfef7e000, size 0xf84 fully unreadable
[0704/140006.791:ERROR:process_info.cc(608)] range at 0xfef4e000, size 0xf84 fully unreadable
[0704/140006.815:ERROR:process_info.cc(608)] range at 0xff6b3000, size 0x230 fully unreadable
[0704/140006.818:ERROR:process_info.cc(608)] range at 0xff6bd000, size 0xf84 fully unreadable
[0704/140006.818:ERROR:process_reader_win.cc(142)] SuspendThread: 拒绝访问。 (0x5)
[0704/140006.818:ERROR:process_reader_win.cc(142)] SuspendThread: 拒绝访问。 (0x5)
[0704/140006.818:ERROR:process_info.cc(608)] range at 0xfeadd000, size 0x230 fully unreadable
[0704/140006.822:ERROR:process_info.cc(608)] range at 0xfeadc000, size 0xf84 fully unreadable
[0704/140006.825:ERROR:process_info.cc(608)] range at 0xfebe3000, size 0x230 fully unreadable
[0704/140006.829:ERROR:process_info.cc(608)] range at 0xfebef000, size 0xf84 fully unreadable
[0704/140212.974:ERROR:http_transport_win.cc(50)] WinHttpSendRequest: 操作超时  (0x2EE2)
[0720/155142.649:ERROR:process_info.cc(608)] range at 0xfefce000, size 0x230 fully unreadable
[0720/155142.652:ERROR:process_info.cc(608)] range at 0xfefcd000, size 0xf84 fully unreadable
[0720/155142.661:ERROR:process_info.cc(608)] range at 0xff128000, size 0x230 fully unreadable
[0720/155142.663:ERROR:process_info.cc(608)] range at 0xff798000, size 0x230 fully unreadable
[0720/155142.664:ERROR:process_info.cc(608)] range at 0xff12f000, size 0xf84 fully unreadable
[0720/155142.666:ERROR:process_info.cc(608)] range at 0xff79f000, size 0xf84 fully unreadable
[0720/155142.673:ERROR:process_info.cc(608)] range at 0xfeaf4000, size 0x230 fully unreadable
[0720/155142.677:ERROR:process_info.cc(608)] range at 0xfeafe000, size 0xf84 fully unreadable
[0720/155142.679:ERROR:process_info.cc(608)] range at 0xff1b3000, size 0x230 fully unreadable
[0720/155142.682:ERROR:process_info.cc(608)] range at 0xff1bf000, size 0xf84 fully unreadable
[0720/155142.698:ERROR:process_info.cc(608)] range at 0xfef33000, size 0x230 fully unreadable
[0720/155142.701:ERROR:process_info.cc(608)] range at 0xfef3f000, size 0xf84 fully unreadable
[0720/155142.722:ERROR:process_info.cc(608)] range at 0xff85f000, size 0x230 fully unreadable
[0720/155142.726:ERROR:process_info.cc(608)] range at 0xff85e000, size 0xf84 fully unreadable
[0720/155142.736:ERROR:process_info.cc(330)] VirtualQueryEx: 拒绝访问。 (0x5)
[0720/155142.736:ERROR:process_info.cc(547)] ReadMemoryInfo failed
[0720/155142.736:ERROR:process_reader_win.cc(233)] ReadMemory at 0x6eb77598 of 12 bytes failed: 仅完成部分的 ReadProcessMemory 或 WriteProcessMemory 请求。 (0x12B)
[0720/155142.736:WARNING:process_snapshot_win.cc(68)] ReadMemory ExceptionInformation failed
[0720/155142.736:WARNING:crash_report_exception_handler.cc(60)] ProcessSnapshotWin::Initialize failed
[0720/155142.736:ERROR:scoped_process_suspend.cc(38)] NtResumeProcess: 已尝试访问正在退出的过程。  (0xc000010a)
[0720/155142.756:ERROR:process_reader_win.cc(233)] ReadMemory at 0x4785000 of 45056 bytes failed: 仅完成部分的 ReadProcessMemory 或 WriteProcessMemory 请求。 (0x12B)
[0720/155142.757:ERROR:crash_report_exception_handler.cc(111)] WriteEverything failed
[0720/155142.758:ERROR:scoped_process_suspend.cc(38)] NtResumeProcess: 已尝试访问正在退出的过程。  (0xc000010a)
[0720/155348.752:ERROR:http_transport_win.cc(50)] WinHttpSendRequest: 操作超时  (0x2EE2)
